<?xml version="1.0" encoding="UTF-8"?>
<testsuite name="works.buddy.samples.WorksWithHerokuServletTest" tests="1" skipped="0" failures="0" errors="0" timestamp="2021-09-07T06:41:08" hostname="LAPTOP-FC9IOGAG" time="0.18">
  <properties/>
  <testcase name="testDoGet" classname="works.buddy.samples.WorksWithHerokuServletTest" time="0.18"/>
  <system-out><![CDATA[]]></system-out>
  <system-err><![CDATA[]]></system-err>
</testsuite>
